# JRE version: Java(TM) SE Runtime Environment (21.0+35) (build 21+35-LTS-2513)
# Java VM: Java HotSpot(TM) 64-Bit Server VM (21+35-LTS-2513, mixed mode, sharing, tiered, compressed oops, compressed class ptrs, g1 gc, windows-amd64)
GC Precious Log:
 CardTable entry size: 512
 Card Set container configuration: InlinePtr #cards 4 size 8 Array Of Cards #cards 16 size 48 Howl #buckets 8 coarsen threshold 3686 Howl Bitmap #cards 512 size 80 coarsen threshold 460 Card regions per heap region 1 cards per card region 4096
 CPUs: 8 total, 8 available
 Memory: 16118M
 Large Page Support: Disabled
 NUMA Support: Disabled
 Compressed Oops: Enabled (Zero based)
 Heap Region Size: 2M
 Heap Min Capacity: 8M
 Heap Initial Capacity: 252M
 Heap Max Capacity: 4030M
 Pre-touch: Disabled
 Parallel Workers: 8
 Concurrent Workers: 2
 Concurrent Refinement Workers: 8
 Periodic GC: Disabled
Heap:
 garbage-first heap   total 102400K, used 53666K [0x0000000704200000, 0x0000000800000000)
  region size 2048K, 18 young (36864K), 4 survivors (8192K)
 Metaspace       used 64103K, committed 64768K, reserved 1114112K
  class space    used 8577K, committed 8896K, reserved 1048576K
GC Heap History (18 events):
Event: 0.659 GC heap before
{Heap before GC invocations=0 (full 0):
 garbage-first heap   total 258048K, used 20480K [0x0000000704200000, 0x0000000800000000)
  region size 2048K, 11 young (22528K), 0 survivors (0K)
 Metaspace       used 6109K, committed 6400K, reserved 1114112K
  class space    used 694K, committed 832K, reserved 1048576K
}
Event: 0.663 GC heap after
{Heap after GC invocations=1 (full 0):
 garbage-first heap   total 258048K, used 6815K [0x0000000704200000, 0x0000000800000000)
  region size 2048K, 2 young (4096K), 2 survivors (4096K)
 Metaspace       used 6109K, committed 6400K, reserved 1114112K
  class space    used 694K, committed 832K, reserved 1048576K
}
Event: 1.083 GC heap before
{Heap before GC invocations=1 (full 0):
 garbage-first heap   total 258048K, used 31391K [0x0000000704200000, 0x0000000800000000)
  region size 2048K, 15 young (30720K), 2 survivors (4096K)
 Metaspace       used 12840K, committed 13184K, reserved 1114112K
  class space    used 1533K, committed 1728K, reserved 1048576K
}
Event: 1.088 GC heap after
{Heap after GC invocations=2 (full 0):
 garbage-first heap   total 258048K, used 9945K [0x0000000704200000, 0x0000000800000000)
  region size 2048K, 2 young (4096K), 2 survivors (4096K)
 Metaspace       used 12840K, committed 13184K, reserved 1114112K
  class space    used 1533K, committed 1728K, reserved 1048576K
}
Event: 1.885 GC heap before
{Heap before GC invocations=2 (full 0):
 garbage-first heap   total 258048K, used 55001K [0x0000000704200000, 0x0000000800000000)
  region size 2048K, 26 young (53248K), 2 survivors (4096K)
 Metaspace       used 21252K, committed 21504K, reserved 1114112K
  class space    used 2572K, committed 2688K, reserved 1048576K
}
Event: 1.892 GC heap after
{Heap after GC invocations=3 (full 0):
 garbage-first heap   total 258048K, used 14088K [0x0000000704200000, 0x0000000800000000)
  region size 2048K, 4 young (8192K), 4 survivors (8192K)
 Metaspace       used 21252K, committed 21504K, reserved 1114112K
  class space    used 2572K, committed 2688K, reserved 1048576K
}
Event: 2.500 GC heap before
{Heap before GC invocations=4 (full 0):
 garbage-first heap   total 61440K, used 42760K [0x0000000704200000, 0x0000000800000000)
  region size 2048K, 18 young (36864K), 4 survivors (8192K)
 Metaspace       used 26802K, committed 27264K, reserved 1114112K
  class space    used 3381K, committed 3584K, reserved 1048576K
}
Event: 2.507 GC heap after
{Heap after GC invocations=5 (full 0):
 garbage-first heap   total 61440K, used 17262K [0x0000000704200000, 0x0000000800000000)
  region size 2048K, 2 young (4096K), 2 survivors (4096K)
 Metaspace       used 26802K, committed 27264K, reserved 1114112K
  class space    used 3381K, committed 3584K, reserved 1048576K
}
Event: 3.072 GC heap before
{Heap before GC invocations=5 (full 0):
 garbage-first heap   total 61440K, used 41838K [0x0000000704200000, 0x0000000800000000)
  region size 2048K, 15 young (30720K), 2 survivors (4096K)
 Metaspace       used 35512K, committed 35968K, reserved 1114112K
  class space    used 4411K, committed 4608K, reserved 1048576K
}
Event: 3.077 GC heap after
{Heap after GC invocations=6 (full 0):
 garbage-first heap   total 61440K, used 20308K [0x0000000704200000, 0x0000000800000000)
  region size 2048K, 2 young (4096K), 2 survivors (4096K)
 Metaspace       used 35512K, committed 35968K, reserved 1114112K
  class space    used 4411K, committed 4608K, reserved 1048576K
}
Event: 3.085 GC heap before
{Heap before GC invocations=6 (full 0):
 garbage-first heap   total 61440K, used 20308K [0x0000000704200000, 0x0000000800000000)
  region size 2048K, 3 young (6144K), 2 survivors (4096K)
 Metaspace       used 35801K, committed 36288K, reserved 1114112K
  class space    used 4442K, committed 4672K, reserved 1048576K
}
Event: 3.087 GC heap after
{Heap after GC invocations=7 (full 0):
 garbage-first heap   total 61440K, used 20836K [0x0000000704200000, 0x0000000800000000)
  region size 2048K, 1 young (2048K), 1 survivors (2048K)
 Metaspace       used 35801K, committed 36288K, reserved 1114112K
  class space    used 4442K, committed 4672K, reserved 1048576K
}
Event: 3.651 GC heap before
{Heap before GC invocations=8 (full 0):
 garbage-first heap   total 61440K, used 47460K [0x0000000704200000, 0x0000000800000000)
  region size 2048K, 15 young (30720K), 1 survivors (2048K)
 Metaspace       used 43466K, committed 44032K, reserved 1114112K
  class space    used 5540K, committed 5760K, reserved 1048576K
}
Event: 3.653 GC heap after
{Heap after GC invocations=9 (full 0):
 garbage-first heap   total 159744K, used 22192K [0x0000000704200000, 0x0000000800000000)
  region size 2048K, 1 young (2048K), 1 survivors (2048K)
 Metaspace       used 43466K, committed 44032K, reserved 1114112K
  class space    used 5540K, committed 5760K, reserved 1048576K
}
Event: 4.746 GC heap before
{Heap before GC invocations=9 (full 0):
 garbage-first heap   total 159744K, used 83632K [0x0000000704200000, 0x0000000800000000)
  region size 2048K, 33 young (67584K), 1 survivors (2048K)
 Metaspace       used 60334K, committed 60928K, reserved 1114112K
  class space    used 8003K, committed 8256K, reserved 1048576K
}
Event: 4.752 GC heap after
{Heap after GC invocations=10 (full 0):
 garbage-first heap   total 159744K, used 26187K [0x0000000704200000, 0x0000000800000000)
  region size 2048K, 4 young (8192K), 4 survivors (8192K)
 Metaspace       used 60334K, committed 60928K, reserved 1114112K
  class space    used 8003K, committed 8256K, reserved 1048576K
}
Event: 4.824 GC heap before
{Heap before GC invocations=10 (full 0):
 garbage-first heap   total 159744K, used 28235K [0x0000000704200000, 0x0000000800000000)
  region size 2048K, 6 young (12288K), 4 survivors (8192K)
 Metaspace       used 60653K, committed 61248K, reserved 1114112K
  class space    used 8049K, committed 8320K, reserved 1048576K
}
Event: 4.828 GC heap after
{Heap after GC invocations=11 (full 0):
 garbage-first heap   total 159744K, used 27042K [0x0000000704200000, 0x0000000800000000)
  region size 2048K, 4 young (8192K), 4 survivors (8192K)
 Metaspace       used 60653K, committed 61248K, reserved 1114112K
  class space    used 8049K, committed 8320K, reserved 1048576K
}

