# JRE version: Java(TM) SE Runtime Environment (21.0+35) (build 21+35-LTS-2513)
# Java VM: Java HotSpot(TM) 64-Bit Server VM (21+35-LTS-2513, mixed mode, sharing, tiered, compressed oops, compressed class ptrs, g1 gc, windows-amd64)
GC Precious Log:
 CardTable entry size: 512
 Card Set container configuration: InlinePtr #cards 4 size 8 Array Of Cards #cards 16 size 48 Howl #buckets 8 coarsen threshold 3686 Howl Bitmap #cards 512 size 80 coarsen threshold 460 Card regions per heap region 1 cards per card region 4096
 CPUs: 8 total, 8 available
 Memory: 16118M
 Large Page Support: Disabled
 NUMA Support: Disabled
 Compressed Oops: Enabled (Zero based)
 Heap Region Size: 2M
 Heap Min Capacity: 8M
 Heap Initial Capacity: 252M
 Heap Max Capacity: 4030M
 Pre-touch: Disabled
 Parallel Workers: 8
 Concurrent Workers: 2
 Concurrent Refinement Workers: 8
 Periodic GC: Disabled
Heap:
 garbage-first heap   total 159744K, used 28790K [0x0000000704200000, 0x0000000800000000)
  region size 2048K, 6 young (12288K), 4 survivors (8192K)
 Metaspace       used 60969K, committed 61568K, reserved 1114112K
  class space    used 8088K, committed 8384K, reserved 1048576K
GC Heap History (18 events):
Event: 0.639 GC heap before
{Heap before GC invocations=0 (full 0):
 garbage-first heap   total 258048K, used 20480K [0x0000000704200000, 0x0000000800000000)
  region size 2048K, 11 young (22528K), 0 survivors (0K)
 Metaspace       used 6113K, committed 6400K, reserved 1114112K
  class space    used 694K, committed 832K, reserved 1048576K
}
Event: 0.643 GC heap after
{Heap after GC invocations=1 (full 0):
 garbage-first heap   total 258048K, used 6805K [0x0000000704200000, 0x0000000800000000)
  region size 2048K, 2 young (4096K), 2 survivors (4096K)
 Metaspace       used 6113K, committed 6400K, reserved 1114112K
  class space    used 694K, committed 832K, reserved 1048576K
}
Event: 1.074 GC heap before
{Heap before GC invocations=1 (full 0):
 garbage-first heap   total 258048K, used 33429K [0x0000000704200000, 0x0000000800000000)
  region size 2048K, 15 young (30720K), 2 survivors (4096K)
 Metaspace       used 12813K, committed 13120K, reserved 1114112K
  class space    used 1527K, committed 1664K, reserved 1048576K
}
Event: 1.079 GC heap after
{Heap after GC invocations=2 (full 0):
 garbage-first heap   total 258048K, used 10104K [0x0000000704200000, 0x0000000800000000)
  region size 2048K, 2 young (4096K), 2 survivors (4096K)
 Metaspace       used 12813K, committed 13120K, reserved 1114112K
  class space    used 1527K, committed 1664K, reserved 1048576K
}
Event: 1.914 GC heap before
{Heap before GC invocations=2 (full 0):
 garbage-first heap   total 258048K, used 55160K [0x0000000704200000, 0x0000000800000000)
  region size 2048K, 26 young (53248K), 2 survivors (4096K)
 Metaspace       used 21261K, committed 21504K, reserved 1114112K
  class space    used 2572K, committed 2688K, reserved 1048576K
}
Event: 1.920 GC heap after
{Heap after GC invocations=3 (full 0):
 garbage-first heap   total 258048K, used 14202K [0x0000000704200000, 0x0000000800000000)
  region size 2048K, 4 young (8192K), 4 survivors (8192K)
 Metaspace       used 21261K, committed 21504K, reserved 1114112K
  class space    used 2572K, committed 2688K, reserved 1048576K
}
Event: 2.560 GC heap before
{Heap before GC invocations=4 (full 0):
 garbage-first heap   total 61440K, used 42874K [0x0000000704200000, 0x0000000800000000)
  region size 2048K, 18 young (36864K), 4 survivors (8192K)
 Metaspace       used 26598K, committed 27008K, reserved 1114112K
  class space    used 3367K, committed 3584K, reserved 1048576K
}
Event: 2.568 GC heap after
{Heap after GC invocations=5 (full 0):
 garbage-first heap   total 61440K, used 17158K [0x0000000704200000, 0x0000000800000000)
  region size 2048K, 2 young (4096K), 2 survivors (4096K)
 Metaspace       used 26598K, committed 27008K, reserved 1114112K
  class space    used 3367K, committed 3584K, reserved 1048576K
}
Event: 3.146 GC heap before
{Heap before GC invocations=5 (full 0):
 garbage-first heap   total 61440K, used 41734K [0x0000000704200000, 0x0000000800000000)
  region size 2048K, 15 young (30720K), 2 survivors (4096K)
 Metaspace       used 35515K, committed 35968K, reserved 1114112K
  class space    used 4413K, committed 4608K, reserved 1048576K
}
Event: 3.151 GC heap after
{Heap after GC invocations=6 (full 0):
 garbage-first heap   total 61440K, used 20037K [0x0000000704200000, 0x0000000800000000)
  region size 2048K, 2 young (4096K), 2 survivors (4096K)
 Metaspace       used 35515K, committed 35968K, reserved 1114112K
  class space    used 4413K, committed 4608K, reserved 1048576K
}
Event: 3.159 GC heap before
{Heap before GC invocations=6 (full 0):
 garbage-first heap   total 61440K, used 20037K [0x0000000704200000, 0x0000000800000000)
  region size 2048K, 3 young (6144K), 2 survivors (4096K)
 Metaspace       used 35801K, committed 36288K, reserved 1114112K
  class space    used 4444K, committed 4672K, reserved 1048576K
}
Event: 3.161 GC heap after
{Heap after GC invocations=7 (full 0):
 garbage-first heap   total 61440K, used 20444K [0x0000000704200000, 0x0000000800000000)
  region size 2048K, 1 young (2048K), 1 survivors (2048K)
 Metaspace       used 35801K, committed 36288K, reserved 1114112K
  class space    used 4444K, committed 4672K, reserved 1048576K
}
Event: 3.736 GC heap before
{Heap before GC invocations=8 (full 0):
 garbage-first heap   total 61440K, used 47068K [0x0000000704200000, 0x0000000800000000)
  region size 2048K, 15 young (30720K), 1 survivors (2048K)
 Metaspace       used 43657K, committed 44224K, reserved 1114112K
  class space    used 5556K, committed 5824K, reserved 1048576K
}
Event: 3.738 GC heap after
{Heap after GC invocations=9 (full 0):
 garbage-first heap   total 159744K, used 21809K [0x0000000704200000, 0x0000000800000000)
  region size 2048K, 1 young (2048K), 1 survivors (2048K)
 Metaspace       used 43657K, committed 44224K, reserved 1114112K
  class space    used 5556K, committed 5824K, reserved 1048576K
}
Event: 4.891 GC heap before
{Heap before GC invocations=9 (full 0):
 garbage-first heap   total 159744K, used 83249K [0x0000000704200000, 0x0000000800000000)
  region size 2048K, 33 young (67584K), 1 survivors (2048K)
 Metaspace       used 60342K, committed 60928K, reserved 1114112K
  class space    used 8006K, committed 8256K, reserved 1048576K
}
Event: 4.898 GC heap after
{Heap after GC invocations=10 (full 0):
 garbage-first heap   total 159744K, used 25925K [0x0000000704200000, 0x0000000800000000)
  region size 2048K, 4 young (8192K), 4 survivors (8192K)
 Metaspace       used 60342K, committed 60928K, reserved 1114112K
  class space    used 8006K, committed 8256K, reserved 1048576K
}
Event: 4.971 GC heap before
{Heap before GC invocations=10 (full 0):
 garbage-first heap   total 159744K, used 27973K [0x0000000704200000, 0x0000000800000000)
  region size 2048K, 6 young (12288K), 4 survivors (8192K)
 Metaspace       used 60663K, committed 61248K, reserved 1114112K
  class space    used 8048K, committed 8320K, reserved 1048576K
}
Event: 4.975 GC heap after
{Heap after GC invocations=11 (full 0):
 garbage-first heap   total 159744K, used 26742K [0x0000000704200000, 0x0000000800000000)
  region size 2048K, 4 young (8192K), 4 survivors (8192K)
 Metaspace       used 60663K, committed 61248K, reserved 1114112K
  class space    used 8048K, committed 8320K, reserved 1048576K
}

